<?xml version="1.0" encoding="UTF-8"?>
<coverage generated="1734643310800" clover="3.2.0">
  <project timestamp="1734643310800" name="All files">
    <metrics statements="121" coveredstatements="120" conditionals="42" coveredconditionals="39" methods="17" coveredmethods="16" elements="180" coveredelements="175" complexity="0" loc="121" ncloc="121" packages="1" files="2" classes="2"/>
    <file name="keyboard-handler.js" path="/home/matt/dev/mattburesh/bsky-shortcuts/src/content-scripts/keyboard-handler.js">
      <metrics statements="28" coveredstatements="27" conditionals="30" coveredconditionals="27" methods="6" coveredmethods="5"/>
      <line num="3" count="10" type="stmt"/>
      <line num="4" count="10" type="stmt"/>
      <line num="5" count="10" type="stmt"/>
      <line num="6" count="10" type="stmt"/>
      <line num="10" count="10" type="stmt"/>
      <line num="15" count="68" type="stmt"/>
      <line num="16" count="68" type="cond" truecount="1" falsecount="1"/>
      <line num="18" count="68" type="cond" truecount="4" falsecount="0"/>
      <line num="19" count="21" type="cond" truecount="2" falsecount="0"/>
      <line num="20" count="13" type="stmt"/>
      <line num="21" count="13" type="stmt"/>
      <line num="23" count="13" type="stmt"/>
      <line num="24" count="7" type="stmt"/>
      <line num="26" count="13" type="stmt"/>
      <line num="30" count="55" type="cond" truecount="2" falsecount="0"/>
      <line num="31" count="6" type="stmt"/>
      <line num="32" count="6" type="stmt"/>
      <line num="33" count="6" type="stmt"/>
      <line num="36" count="55" type="stmt"/>
      <line num="37" count="55" type="cond" truecount="2" falsecount="0"/>
      <line num="39" count="38" type="cond" truecount="2" falsecount="0"/>
      <line num="41" count="16" type="stmt"/>
      <line num="42" count="16" type="stmt"/>
      <line num="46" count="59" type="cond" truecount="5" falsecount="0"/>
      <line num="52" count="59" type="cond" truecount="2" falsecount="0"/>
      <line num="53" count="20" type="stmt"/>
      <line num="56" count="39" type="cond" truecount="6" falsecount="2"/>
      <line num="73" count="0" type="stmt"/>
    </file>
    <file name="shortcuts-modal.js" path="/home/matt/dev/mattburesh/bsky-shortcuts/src/content-scripts/shortcuts-modal.js">
      <metrics statements="93" coveredstatements="93" conditionals="12" coveredconditionals="12" methods="11" coveredmethods="11"/>
      <line num="3" count="10" type="stmt"/>
      <line num="4" count="10" type="stmt"/>
      <line num="19" count="10" type="stmt"/>
      <line num="29" count="10" type="stmt"/>
      <line num="33" count="180" type="stmt"/>
      <line num="34" count="180" type="stmt"/>
      <line num="36" count="180" type="stmt"/>
      <line num="37" count="180" type="stmt"/>
      <line num="39" count="180" type="cond" truecount="2" falsecount="0"/>
      <line num="40" count="10" type="stmt"/>
      <line num="41" count="10" type="stmt"/>
      <line num="42" count="10" type="stmt"/>
      <line num="43" count="10" type="stmt"/>
      <line num="45" count="10" type="stmt"/>
      <line num="46" count="10" type="stmt"/>
      <line num="47" count="10" type="stmt"/>
      <line num="48" count="10" type="stmt"/>
      <line num="50" count="10" type="stmt"/>
      <line num="51" count="10" type="stmt"/>
      <line num="52" count="10" type="stmt"/>
      <line num="53" count="10" type="stmt"/>
      <line num="54" count="170" type="cond" truecount="2" falsecount="0"/>
      <line num="55" count="70" type="stmt"/>
      <line num="56" count="70" type="stmt"/>
      <line num="57" count="70" type="stmt"/>
      <line num="58" count="70" type="stmt"/>
      <line num="60" count="70" type="stmt"/>
      <line num="61" count="70" type="stmt"/>
      <line num="62" count="70" type="stmt"/>
      <line num="63" count="70" type="stmt"/>
      <line num="65" count="100" type="stmt"/>
      <line num="66" count="100" type="stmt"/>
      <line num="67" count="100" type="stmt"/>
      <line num="68" count="100" type="stmt"/>
      <line num="71" count="180" type="stmt"/>
      <line num="72" count="180" type="stmt"/>
      <line num="73" count="180" type="stmt"/>
      <line num="75" count="180" type="stmt"/>
      <line num="76" count="180" type="stmt"/>
      <line num="77" count="180" type="stmt"/>
      <line num="81" count="20" type="stmt"/>
      <line num="82" count="20" type="stmt"/>
      <line num="84" count="20" type="stmt"/>
      <line num="85" count="20" type="stmt"/>
      <line num="86" count="20" type="stmt"/>
      <line num="87" count="20" type="stmt"/>
      <line num="89" count="20" type="stmt"/>
      <line num="90" count="20" type="stmt"/>
      <line num="92" count="20" type="stmt"/>
      <line num="93" count="180" type="stmt"/>
      <line num="96" count="20" type="stmt"/>
      <line num="97" count="20" type="stmt"/>
      <line num="101" count="10" type="stmt"/>
      <line num="102" count="10" type="stmt"/>
      <line num="103" count="10" type="stmt"/>
      <line num="105" count="10" type="stmt"/>
      <line num="106" count="10" type="stmt"/>
      <line num="108" count="10" type="stmt"/>
      <line num="109" count="10" type="stmt"/>
      <line num="111" count="10" type="stmt"/>
      <line num="112" count="10" type="stmt"/>
      <line num="114" count="10" type="stmt"/>
      <line num="115" count="10" type="stmt"/>
      <line num="117" count="10" type="stmt"/>
      <line num="118" count="10" type="stmt"/>
      <line num="119" count="10" type="stmt"/>
      <line num="120" count="10" type="stmt"/>
      <line num="122" count="10" type="stmt"/>
      <line num="123" count="10" type="stmt"/>
      <line num="125" count="10" type="stmt"/>
      <line num="126" count="10" type="stmt"/>
      <line num="128" count="10" type="stmt"/>
      <line num="129" count="10" type="stmt"/>
      <line num="131" count="10" type="stmt"/>
      <line num="132" count="10" type="stmt"/>
      <line num="134" count="10" type="stmt"/>
      <line num="135" count="10" type="stmt"/>
      <line num="136" count="10" type="stmt"/>
      <line num="137" count="10" type="stmt"/>
      <line num="139" count="10" type="stmt"/>
      <line num="140" count="3" type="cond" truecount="2" falsecount="0"/>
      <line num="143" count="10" type="stmt"/>
      <line num="144" count="8" type="cond" truecount="4" falsecount="0"/>
      <line num="145" count="2" type="stmt"/>
      <line num="149" count="10" type="stmt"/>
      <line num="150" count="10" type="stmt"/>
      <line num="154" count="7" type="stmt"/>
      <line num="155" count="7" type="stmt"/>
      <line num="159" count="6" type="stmt"/>
      <line num="160" count="6" type="stmt"/>
      <line num="164" count="2" type="cond" truecount="2" falsecount="0"/>
      <line num="165" count="1" type="stmt"/>
      <line num="167" count="1" type="stmt"/>
    </file>
  </project>
</coverage>
