{"/home/matt/dev/mattburesh/bsky-shortcuts/src/content-scripts/keyboard-handler.js": {"path":"/home/matt/dev/mattburesh/bsky-shortcuts/src/content-scripts/keyboard-handler.js","statementMap":{"0":{"start":{"line":3,"column":8},"end":{"line":3,"column":35}},"1":{"start":{"line":4,"column":8},"end":{"line":4,"column":30}},"2":{"start":{"line":5,"column":8},"end":{"line":5,"column":34}},"3":{"start":{"line":6,"column":8},"end":{"line":6,"column":30}},"4":{"start":{"line":10,"column":8},"end":{"line":10,"column":77}},"5":{"start":{"line":15,"column":20},"end":{"line":15,"column":29}},"6":{"start":{"line":16,"column":28},"end":{"line":16,"column":76}},"7":{"start":{"line":18,"column":8},"end":{"line":28,"column":9}},"8":{"start":{"line":19,"column":12},"end":{"line":27,"column":13}},"9":{"start":{"line":20,"column":16},"end":{"line":20,"column":39}},"10":{"start":{"line":21,"column":16},"end":{"line":21,"column":37}},"11":{"start":{"line":23,"column":16},"end":{"line":25,"column":24}},"12":{"start":{"line":24,"column":20},"end":{"line":24,"column":42}},"13":{"start":{"line":26,"column":16},"end":{"line":26,"column":23}},"14":{"start":{"line":30,"column":8},"end":{"line":34,"column":9}},"15":{"start":{"line":31,"column":12},"end":{"line":31,"column":45}},"16":{"start":{"line":32,"column":12},"end":{"line":32,"column":48}},"17":{"start":{"line":33,"column":12},"end":{"line":33,"column":34}},"18":{"start":{"line":36,"column":24},"end":{"line":36,"column":53}},"19":{"start":{"line":37,"column":8},"end":{"line":37,"column":29}},"20":{"start":{"line":37,"column":22},"end":{"line":37,"column":29}},"21":{"start":{"line":39,"column":8},"end":{"line":39,"column":80}},"22":{"start":{"line":39,"column":73},"end":{"line":39,"column":80}},"23":{"start":{"line":41,"column":8},"end":{"line":41,"column":31}},"24":{"start":{"line":42,"column":8},"end":{"line":42,"column":30}},"25":{"start":{"line":46,"column":31},"end":{"line":50,"column":47}},"26":{"start":{"line":52,"column":8},"end":{"line":54,"column":9}},"27":{"start":{"line":53,"column":12},"end":{"line":53,"column":24}},"28":{"start":{"line":56,"column":8},"end":{"line":59,"column":63}},"29":{"start":{"line":73,"column":8},"end":{"line":73,"column":39}}},"fnMap":{"0":{"name":"(anonymous_0)","decl":{"start":{"line":2,"column":4},"end":{"line":2,"column":5}},"loc":{"start":{"line":2,"column":27},"end":{"line":7,"column":5}},"line":2},"1":{"name":"(anonymous_1)","decl":{"start":{"line":9,"column":4},"end":{"line":9,"column":5}},"loc":{"start":{"line":9,"column":21},"end":{"line":11,"column":5}},"line":9},"2":{"name":"(anonymous_2)","decl":{"start":{"line":13,"column":4},"end":{"line":13,"column":5}},"loc":{"start":{"line":13,"column":26},"end":{"line":43,"column":5}},"line":13},"3":{"name":"(anonymous_3)","decl":{"start":{"line":23,"column":48},"end":{"line":23,"column":49}},"loc":{"start":{"line":23,"column":54},"end":{"line":25,"column":17}},"line":23},"4":{"name":"(anonymous_4)","decl":{"start":{"line":45,"column":4},"end":{"line":45,"column":5}},"loc":{"start":{"line":45,"column":56},"end":{"line":70,"column":5}},"line":45},"5":{"name":"(anonymous_5)","decl":{"start":{"line":72,"column":4},"end":{"line":72,"column":5}},"loc":{"start":{"line":72,"column":29},"end":{"line":74,"column":5}},"line":72}},"branchMap":{"0":{"loc":{"start":{"line":16,"column":28},"end":{"line":16,"column":76}},"type":"cond-expr","locations":[{"start":{"line":16,"column":53},"end":{"line":16,"column":70}},{"start":{"line":16,"column":73},"end":{"line":16,"column":76}}],"line":16},"1":{"loc":{"start":{"line":18,"column":8},"end":{"line":28,"column":9}},"type":"if","locations":[{"start":{"line":18,"column":8},"end":{"line":28,"column":9}},{"start":{},"end":{}}],"line":18},"2":{"loc":{"start":{"line":18,"column":12},"end":{"line":18,"column":52}},"type":"binary-expr","locations":[{"start":{"line":18,"column":12},"end":{"line":18,"column":33}},{"start":{"line":18,"column":37},"end":{"line":18,"column":52}}],"line":18},"3":{"loc":{"start":{"line":19,"column":12},"end":{"line":27,"column":13}},"type":"if","locations":[{"start":{"line":19,"column":12},"end":{"line":27,"column":13}},{"start":{},"end":{}}],"line":19},"4":{"loc":{"start":{"line":30,"column":8},"end":{"line":34,"column":9}},"type":"if","locations":[{"start":{"line":30,"column":8},"end":{"line":34,"column":9}},{"start":{},"end":{}}],"line":30},"5":{"loc":{"start":{"line":37,"column":8},"end":{"line":37,"column":29}},"type":"if","locations":[{"start":{"line":37,"column":8},"end":{"line":37,"column":29}},{"start":{},"end":{}}],"line":37},"6":{"loc":{"start":{"line":39,"column":8},"end":{"line":39,"column":80}},"type":"if","locations":[{"start":{"line":39,"column":8},"end":{"line":39,"column":80}},{"start":{},"end":{}}],"line":39},"7":{"loc":{"start":{"line":45,"column":33},"end":{"line":45,"column":54}},"type":"default-arg","locations":[{"start":{"line":45,"column":52},"end":{"line":45,"column":54}}],"line":45},"8":{"loc":{"start":{"line":46,"column":31},"end":{"line":50,"column":47}},"type":"binary-expr","locations":[{"start":{"line":46,"column":31},"end":{"line":46,"column":74}},{"start":{"line":47,"column":6},"end":{"line":47,"column":52}},{"start":{"line":48,"column":6},"end":{"line":48,"column":64}},{"start":{"line":49,"column":6},"end":{"line":49,"column":56}},{"start":{"line":50,"column":6},"end":{"line":50,"column":47}}],"line":46},"9":{"loc":{"start":{"line":52,"column":8},"end":{"line":54,"column":9}},"type":"if","locations":[{"start":{"line":52,"column":8},"end":{"line":54,"column":9}},{"start":{},"end":{}}],"line":52},"10":{"loc":{"start":{"line":56,"column":15},"end":{"line":59,"column":62}},"type":"binary-expr","locations":[{"start":{"line":56,"column":16},"end":{"line":56,"column":29}},{"start":{"line":56,"column":33},"end":{"line":56,"column":67}},{"start":{"line":57,"column":10},"end":{"line":57,"column":22}},{"start":{"line":57,"column":26},"end":{"line":57,"column":59}},{"start":{"line":58,"column":10},"end":{"line":58,"column":24}},{"start":{"line":58,"column":28},"end":{"line":58,"column":63}},{"start":{"line":59,"column":10},"end":{"line":59,"column":23}},{"start":{"line":59,"column":27},"end":{"line":59,"column":61}}],"line":56}},"s":{"0":10,"1":10,"2":10,"3":10,"4":10,"5":68,"6":68,"7":68,"8":21,"9":13,"10":13,"11":13,"12":7,"13":13,"14":55,"15":6,"16":6,"17":6,"18":55,"19":55,"20":17,"21":38,"22":22,"23":16,"24":16,"25":59,"26":59,"27":20,"28":39,"29":0},"f":{"0":10,"1":10,"2":68,"3":7,"4":59,"5":0},"b":{"0":[68,0],"1":[21,47],"2":[68,21],"3":[13,8],"4":[6,49],"5":[17,38],"6":[22,16],"7":[50],"8":[59,48,44,39,39],"9":[20,39],"10":[39,10,29,0,29,9,29,0]},"_coverageSchema":"1a1c01bbd47fc00a2c39e90264f33305004495a9","hash":"9f740210bbe467593b7dd6811e03aa7d55ce0cac"}
,"/home/matt/dev/mattburesh/bsky-shortcuts/src/content-scripts/shortcuts-modal.js": {"path":"/home/matt/dev/mattburesh/bsky-shortcuts/src/content-scripts/shortcuts-modal.js","statementMap":{"0":{"start":{"line":3,"column":8},"end":{"line":3,"column":31}},"1":{"start":{"line":4,"column":8},"end":{"line":17,"column":10}},"2":{"start":{"line":19,"column":8},"end":{"line":27,"column":10}},"3":{"start":{"line":29,"column":8},"end":{"line":29,"column":26}},"4":{"start":{"line":33,"column":21},"end":{"line":33,"column":50}},"5":{"start":{"line":34,"column":8},"end":{"line":34,"column":46}},"6":{"start":{"line":36,"column":30},"end":{"line":36,"column":59}},"7":{"start":{"line":37,"column":8},"end":{"line":37,"column":55}},"8":{"start":{"line":39,"column":8},"end":{"line":69,"column":9}},"9":{"start":{"line":40,"column":27},"end":{"line":40,"column":56}},"10":{"start":{"line":41,"column":12},"end":{"line":41,"column":51}},"11":{"start":{"line":42,"column":12},"end":{"line":42,"column":51}},"12":{"start":{"line":43,"column":12},"end":{"line":43,"column":46}},"13":{"start":{"line":45,"column":25},"end":{"line":45,"column":55}},"14":{"start":{"line":46,"column":12},"end":{"line":46,"column":50}},"15":{"start":{"line":47,"column":12},"end":{"line":47,"column":35}},"16":{"start":{"line":48,"column":12},"end":{"line":48,"column":44}},"17":{"start":{"line":50,"column":24},"end":{"line":50,"column":53}},"18":{"start":{"line":51,"column":12},"end":{"line":51,"column":48}},"19":{"start":{"line":52,"column":12},"end":{"line":52,"column":43}},"20":{"start":{"line":53,"column":12},"end":{"line":53,"column":43}},"21":{"start":{"line":54,"column":15},"end":{"line":69,"column":9}},"22":{"start":{"line":55,"column":25},"end":{"line":55,"column":54}},"23":{"start":{"line":56,"column":12},"end":{"line":56,"column":49}},"24":{"start":{"line":57,"column":12},"end":{"line":57,"column":35}},"25":{"start":{"line":58,"column":12},"end":{"line":58,"column":44}},"26":{"start":{"line":60,"column":30},"end":{"line":60,"column":59}},"27":{"start":{"line":61,"column":12},"end":{"line":61,"column":54}},"28":{"start":{"line":62,"column":12},"end":{"line":62,"column":58}},"29":{"start":{"line":63,"column":12},"end":{"line":63,"column":49}},"30":{"start":{"line":65,"column":24},"end":{"line":65,"column":53}},"31":{"start":{"line":66,"column":12},"end":{"line":66,"column":48}},"32":{"start":{"line":67,"column":12},"end":{"line":67,"column":43}},"33":{"start":{"line":68,"column":12},"end":{"line":68,"column":43}},"34":{"start":{"line":71,"column":21},"end":{"line":71,"column":51}},"35":{"start":{"line":72,"column":8},"end":{"line":72,"column":53}},"36":{"start":{"line":73,"column":8},"end":{"line":73,"column":48}},"37":{"start":{"line":75,"column":8},"end":{"line":75,"column":40}},"38":{"start":{"line":76,"column":8},"end":{"line":76,"column":31}},"39":{"start":{"line":77,"column":8},"end":{"line":77,"column":20}},"40":{"start":{"line":81,"column":24},"end":{"line":81,"column":53}},"41":{"start":{"line":82,"column":8},"end":{"line":82,"column":53}},"42":{"start":{"line":84,"column":29},"end":{"line":84,"column":57}},"43":{"start":{"line":85,"column":8},"end":{"line":85,"column":64}},"44":{"start":{"line":86,"column":8},"end":{"line":86,"column":41}},"45":{"start":{"line":87,"column":8},"end":{"line":87,"column":42}},"46":{"start":{"line":89,"column":21},"end":{"line":89,"column":50}},"47":{"start":{"line":90,"column":8},"end":{"line":90,"column":47}},"48":{"start":{"line":92,"column":8},"end":{"line":94,"column":11}},"49":{"start":{"line":93,"column":12},"end":{"line":93,"column":64}},"50":{"start":{"line":96,"column":8},"end":{"line":96,"column":34}},"51":{"start":{"line":97,"column":8},"end":{"line":97,"column":23}},"52":{"start":{"line":101,"column":22},"end":{"line":101,"column":51}},"53":{"start":{"line":102,"column":8},"end":{"line":102,"column":49}},"54":{"start":{"line":103,"column":8},"end":{"line":103,"column":37}},"55":{"start":{"line":105,"column":24},"end":{"line":105,"column":53}},"56":{"start":{"line":106,"column":8},"end":{"line":106,"column":53}},"57":{"start":{"line":108,"column":24},"end":{"line":108,"column":53}},"58":{"start":{"line":109,"column":8},"end":{"line":109,"column":53}},"59":{"start":{"line":111,"column":23},"end":{"line":111,"column":52}},"60":{"start":{"line":112,"column":8},"end":{"line":112,"column":51}},"61":{"start":{"line":114,"column":22},"end":{"line":114,"column":50}},"62":{"start":{"line":115,"column":8},"end":{"line":115,"column":49}},"63":{"start":{"line":117,"column":22},"end":{"line":117,"column":54}},"64":{"start":{"line":118,"column":8},"end":{"line":118,"column":49}},"65":{"start":{"line":119,"column":8},"end":{"line":119,"column":32}},"66":{"start":{"line":120,"column":8},"end":{"line":120,"column":59}},"67":{"start":{"line":120,"column":46},"end":{"line":120,"column":57}},"68":{"start":{"line":122,"column":8},"end":{"line":122,"column":34}},"69":{"start":{"line":123,"column":8},"end":{"line":123,"column":34}},"70":{"start":{"line":125,"column":33},"end":{"line":125,"column":62}},"71":{"start":{"line":126,"column":8},"end":{"line":126,"column":62}},"72":{"start":{"line":128,"column":31},"end":{"line":128,"column":84}},"73":{"start":{"line":129,"column":34},"end":{"line":129,"column":92}},"74":{"start":{"line":131,"column":8},"end":{"line":131,"column":53}},"75":{"start":{"line":132,"column":8},"end":{"line":132,"column":56}},"76":{"start":{"line":134,"column":8},"end":{"line":134,"column":36}},"77":{"start":{"line":135,"column":8},"end":{"line":135,"column":46}},"78":{"start":{"line":136,"column":8},"end":{"line":136,"column":37}},"79":{"start":{"line":137,"column":8},"end":{"line":137,"column":35}},"80":{"start":{"line":139,"column":8},"end":{"line":141,"column":11}},"81":{"start":{"line":140,"column":12},"end":{"line":140,"column":50}},"82":{"start":{"line":140,"column":38},"end":{"line":140,"column":50}},"83":{"start":{"line":143,"column":8},"end":{"line":147,"column":11}},"84":{"start":{"line":144,"column":12},"end":{"line":146,"column":13}},"85":{"start":{"line":145,"column":16},"end":{"line":145,"column":28}},"86":{"start":{"line":149,"column":8},"end":{"line":149,"column":36}},"87":{"start":{"line":150,"column":8},"end":{"line":150,"column":41}},"88":{"start":{"line":154,"column":8},"end":{"line":154,"column":30}},"89":{"start":{"line":155,"column":8},"end":{"line":155,"column":52}},"90":{"start":{"line":159,"column":8},"end":{"line":159,"column":31}},"91":{"start":{"line":160,"column":8},"end":{"line":160,"column":51}},"92":{"start":{"line":164,"column":8},"end":{"line":168,"column":9}},"93":{"start":{"line":165,"column":12},"end":{"line":165,"column":24}},"94":{"start":{"line":167,"column":12},"end":{"line":167,"column":24}}},"fnMap":{"0":{"name":"(anonymous_0)","decl":{"start":{"line":2,"column":4},"end":{"line":2,"column":5}},"loc":{"start":{"line":2,"column":18},"end":{"line":30,"column":5}},"line":2},"1":{"name":"(anonymous_1)","decl":{"start":{"line":32,"column":4},"end":{"line":32,"column":5}},"loc":{"start":{"line":32,"column":33},"end":{"line":78,"column":5}},"line":32},"2":{"name":"(anonymous_2)","decl":{"start":{"line":80,"column":4},"end":{"line":80,"column":5}},"loc":{"start":{"line":80,"column":44},"end":{"line":98,"column":5}},"line":80},"3":{"name":"(anonymous_3)","decl":{"start":{"line":92,"column":26},"end":{"line":92,"column":27}},"loc":{"start":{"line":92,"column":38},"end":{"line":94,"column":9}},"line":92},"4":{"name":"(anonymous_4)","decl":{"start":{"line":100,"column":4},"end":{"line":100,"column":5}},"loc":{"start":{"line":100,"column":17},"end":{"line":151,"column":5}},"line":100},"5":{"name":"(anonymous_5)","decl":{"start":{"line":120,"column":40},"end":{"line":120,"column":41}},"loc":{"start":{"line":120,"column":46},"end":{"line":120,"column":57}},"line":120},"6":{"name":"(anonymous_6)","decl":{"start":{"line":139,"column":42},"end":{"line":139,"column":43}},"loc":{"start":{"line":139,"column":49},"end":{"line":141,"column":9}},"line":139},"7":{"name":"(anonymous_7)","decl":{"start":{"line":143,"column":45},"end":{"line":143,"column":46}},"loc":{"start":{"line":143,"column":52},"end":{"line":147,"column":9}},"line":143},"8":{"name":"(anonymous_8)","decl":{"start":{"line":153,"column":4},"end":{"line":153,"column":5}},"loc":{"start":{"line":153,"column":11},"end":{"line":156,"column":5}},"line":153},"9":{"name":"(anonymous_9)","decl":{"start":{"line":158,"column":4},"end":{"line":158,"column":5}},"loc":{"start":{"line":158,"column":11},"end":{"line":161,"column":5}},"line":158},"10":{"name":"(anonymous_10)","decl":{"start":{"line":163,"column":4},"end":{"line":163,"column":5}},"loc":{"start":{"line":163,"column":13},"end":{"line":169,"column":5}},"line":163}},"branchMap":{"0":{"loc":{"start":{"line":39,"column":8},"end":{"line":69,"column":9}},"type":"if","locations":[{"start":{"line":39,"column":8},"end":{"line":69,"column":9}},{"start":{"line":54,"column":15},"end":{"line":69,"column":9}}],"line":39},"1":{"loc":{"start":{"line":54,"column":15},"end":{"line":69,"column":9}},"type":"if","locations":[{"start":{"line":54,"column":15},"end":{"line":69,"column":9}},{"start":{"line":64,"column":15},"end":{"line":69,"column":9}}],"line":54},"2":{"loc":{"start":{"line":140,"column":12},"end":{"line":140,"column":50}},"type":"if","locations":[{"start":{"line":140,"column":12},"end":{"line":140,"column":50}},{"start":{},"end":{}}],"line":140},"3":{"loc":{"start":{"line":144,"column":12},"end":{"line":146,"column":13}},"type":"if","locations":[{"start":{"line":144,"column":12},"end":{"line":146,"column":13}},{"start":{},"end":{}}],"line":144},"4":{"loc":{"start":{"line":144,"column":16},"end":{"line":144,"column":52}},"type":"binary-expr","locations":[{"start":{"line":144,"column":16},"end":{"line":144,"column":34}},{"start":{"line":144,"column":38},"end":{"line":144,"column":52}}],"line":144},"5":{"loc":{"start":{"line":164,"column":8},"end":{"line":168,"column":9}},"type":"if","locations":[{"start":{"line":164,"column":8},"end":{"line":168,"column":9}},{"start":{"line":166,"column":15},"end":{"line":168,"column":9}}],"line":164}},"s":{"0":10,"1":10,"2":10,"3":10,"4":180,"5":180,"6":180,"7":180,"8":180,"9":10,"10":10,"11":10,"12":10,"13":10,"14":10,"15":10,"16":10,"17":10,"18":10,"19":10,"20":10,"21":170,"22":70,"23":70,"24":70,"25":70,"26":70,"27":70,"28":70,"29":70,"30":100,"31":100,"32":100,"33":100,"34":180,"35":180,"36":180,"37":180,"38":180,"39":180,"40":20,"41":20,"42":20,"43":20,"44":20,"45":20,"46":20,"47":20,"48":20,"49":180,"50":20,"51":20,"52":10,"53":10,"54":10,"55":10,"56":10,"57":10,"58":10,"59":10,"60":10,"61":10,"62":10,"63":10,"64":10,"65":10,"66":10,"67":1,"68":10,"69":10,"70":10,"71":10,"72":10,"73":10,"74":10,"75":10,"76":10,"77":10,"78":10,"79":10,"80":10,"81":3,"82":1,"83":10,"84":8,"85":2,"86":10,"87":10,"88":7,"89":7,"90":6,"91":6,"92":2,"93":1,"94":1},"f":{"0":10,"1":180,"2":20,"3":180,"4":10,"5":1,"6":3,"7":8,"8":7,"9":6,"10":2},"b":{"0":[10,170],"1":[70,100],"2":[1,2],"3":[2,6],"4":[8,8],"5":[1,1]},"_coverageSchema":"1a1c01bbd47fc00a2c39e90264f33305004495a9","hash":"30e60405b94ec9b6a379f9deef7a9c4f7c6a0046"}
}
