TN:
SF:src/content-scripts/keyboard-handler.js
FN:2,(anonymous_0)
FN:9,(anonymous_1)
FN:13,(anonymous_2)
FN:23,(anonymous_3)
FN:45,(anonymous_4)
FN:72,(anonymous_5)
FNF:6
FNH:5
FNDA:10,(anonymous_0)
FNDA:10,(anonymous_1)
FNDA:68,(anonymous_2)
FNDA:7,(anonymous_3)
FNDA:59,(anonymous_4)
FNDA:0,(anonymous_5)
DA:3,10
DA:4,10
DA:5,10
DA:6,10
DA:10,10
DA:15,68
DA:16,68
DA:18,68
DA:19,21
DA:20,13
DA:21,13
DA:23,13
DA:24,7
DA:26,13
DA:30,55
DA:31,6
DA:32,6
DA:33,6
DA:36,55
DA:37,55
DA:39,38
DA:41,16
DA:42,16
DA:46,59
DA:52,59
DA:53,20
DA:56,39
DA:73,0
LF:28
LH:27
BRDA:16,0,0,68
BRDA:16,0,1,0
BRDA:18,1,0,21
BRDA:18,1,1,47
BRDA:18,2,0,68
BRDA:18,2,1,21
BRDA:19,3,0,13
BRDA:19,3,1,8
BRDA:30,4,0,6
BRDA:30,4,1,49
BRDA:37,5,0,17
BRDA:37,5,1,38
BRDA:39,6,0,22
BRDA:39,6,1,16
BRDA:45,7,0,50
BRDA:46,8,0,59
BRDA:46,8,1,48
BRDA:46,8,2,44
BRDA:46,8,3,39
BRDA:46,8,4,39
BRDA:52,9,0,20
BRDA:52,9,1,39
BRDA:56,10,0,39
BRDA:56,10,1,10
BRDA:56,10,2,29
BRDA:56,10,3,0
BRDA:56,10,4,29
BRDA:56,10,5,9
BRDA:56,10,6,29
BRDA:56,10,7,0
BRF:30
BRH:27
end_of_record
TN:
SF:src/content-scripts/shortcuts-modal.js
FN:2,(anonymous_0)
FN:32,(anonymous_1)
FN:80,(anonymous_2)
FN:92,(anonymous_3)
FN:100,(anonymous_4)
FN:120,(anonymous_5)
FN:139,(anonymous_6)
FN:143,(anonymous_7)
FN:153,(anonymous_8)
FN:158,(anonymous_9)
FN:163,(anonymous_10)
FNF:11
FNH:11
FNDA:10,(anonymous_0)
FNDA:180,(anonymous_1)
FNDA:20,(anonymous_2)
FNDA:180,(anonymous_3)
FNDA:10,(anonymous_4)
FNDA:1,(anonymous_5)
FNDA:3,(anonymous_6)
FNDA:8,(anonymous_7)
FNDA:7,(anonymous_8)
FNDA:6,(anonymous_9)
FNDA:2,(anonymous_10)
DA:3,10
DA:4,10
DA:19,10
DA:29,10
DA:33,180
DA:34,180
DA:36,180
DA:37,180
DA:39,180
DA:40,10
DA:41,10
DA:42,10
DA:43,10
DA:45,10
DA:46,10
DA:47,10
DA:48,10
DA:50,10
DA:51,10
DA:52,10
DA:53,10
DA:54,170
DA:55,70
DA:56,70
DA:57,70
DA:58,70
DA:60,70
DA:61,70
DA:62,70
DA:63,70
DA:65,100
DA:66,100
DA:67,100
DA:68,100
DA:71,180
DA:72,180
DA:73,180
DA:75,180
DA:76,180
DA:77,180
DA:81,20
DA:82,20
DA:84,20
DA:85,20
DA:86,20
DA:87,20
DA:89,20
DA:90,20
DA:92,20
DA:93,180
DA:96,20
DA:97,20
DA:101,10
DA:102,10
DA:103,10
DA:105,10
DA:106,10
DA:108,10
DA:109,10
DA:111,10
DA:112,10
DA:114,10
DA:115,10
DA:117,10
DA:118,10
DA:119,10
DA:120,10
DA:122,10
DA:123,10
DA:125,10
DA:126,10
DA:128,10
DA:129,10
DA:131,10
DA:132,10
DA:134,10
DA:135,10
DA:136,10
DA:137,10
DA:139,10
DA:140,3
DA:143,10
DA:144,8
DA:145,2
DA:149,10
DA:150,10
DA:154,7
DA:155,7
DA:159,6
DA:160,6
DA:164,2
DA:165,1
DA:167,1
LF:93
LH:93
BRDA:39,0,0,10
BRDA:39,0,1,170
BRDA:54,1,0,70
BRDA:54,1,1,100
BRDA:140,2,0,1
BRDA:140,2,1,2
BRDA:144,3,0,2
BRDA:144,3,1,6
BRDA:144,4,0,8
BRDA:144,4,1,8
BRDA:164,5,0,1
BRDA:164,5,1,1
BRF:12
BRH:12
end_of_record
